<?xml version="1.0" encoding="UTF-8"?>
<!-- Generated by org.testng.reporters.JUnitReportReporter -->
<testsuite hostname="calculon" failures="0" tests="14" name="com.github.lindenb.jvarkit.tools.bioalcidae.BioAlcidaeTest" time="2.175" errors="0" timestamp="31 Mar 2019 11:45:29 GMT" skipped="0">
  <testcase classname="com.github.lindenb.jvarkit.tools.bioalcidae.BioAlcidaeTest" name="testVCF" time="0.066"/>
  <testcase classname="com.github.lindenb.jvarkit.tools.bioalcidae.BioAlcidaeTest" name="testVCF" time="0.046"/>
  <testcase classname="com.github.lindenb.jvarkit.tools.bioalcidae.BioAlcidaeTest" name="testVCF" time="0.036"/>
  <testcase classname="com.github.lindenb.jvarkit.tools.bioalcidae.BioAlcidaeTest" name="testVCF" time="0.056"/>
  <testcase classname="com.github.lindenb.jvarkit.tools.bioalcidae.BioAlcidaeTest" name="testVCF" time="0.033"/>
  <testcase classname="com.github.lindenb.jvarkit.tools.bioalcidae.BioAlcidaeTest" name="testVCF" time="1.652"/>
  <testcase classname="com.github.lindenb.jvarkit.tools.bioalcidae.BioAlcidaeTest" name="testVCF" time="0.039"/>
  <testcase classname="com.github.lindenb.jvarkit.tools.bioalcidae.BioAlcidaeTest" name="testVCF" time="0.039"/>
  <testcase classname="com.github.lindenb.jvarkit.tools.bioalcidae.BioAlcidaeTest" name="testVCF" time="0.028"/>
  <testcase classname="com.github.lindenb.jvarkit.tools.bioalcidae.BioAlcidaeTest" name="testVCF" time="0.027"/>
  <testcase classname="com.github.lindenb.jvarkit.tools.bioalcidae.BioAlcidaeTest" name="testVCF" time="0.025"/>
  <testcase classname="com.github.lindenb.jvarkit.tools.bioalcidae.BioAlcidaeTest" name="testVCF" time="0.026"/>
  <testcase classname="com.github.lindenb.jvarkit.tools.bioalcidae.BioAlcidaeTest" name="testVCF" time="0.050"/>
  <testcase classname="com.github.lindenb.jvarkit.tools.bioalcidae.BioAlcidaeTest" name="testVCF" time="0.052"/>
</testsuite> <!-- com.github.lindenb.jvarkit.tools.bioalcidae.BioAlcidaeTest -->
